c:\users\localadm\desktop\hz\seneeno\1\imgui_external\imgui_external\release\vc141.pdb
c:\users\localadm\desktop\hz\seneeno\1\imgui_external\imgui_external\release\vector.obj
c:\users\localadm\desktop\hz\seneeno\1\imgui_external\imgui_external\release\imgui_impl_dx9.obj
c:\users\localadm\desktop\hz\seneeno\1\imgui_external\imgui_external\release\imgui_draw.obj
c:\users\localadm\desktop\hz\seneeno\1\imgui_external\imgui_external\release\imgui.obj
c:\users\localadm\desktop\hz\seneeno\1\imgui_external\imgui_external\release\entry.obj
c:\users\localadm\desktop\hz\seneeno\1\imgui_external\imgui_external\release\vector3.obj
c:\users\localadm\desktop\hz\seneeno\1\imgui_external\release\3.ipdb
c:\users\localadm\desktop\hz\seneeno\1\imgui_external\release\3.iobj
c:\users\localadm\desktop\hz\seneeno\1\imgui_external\release\16.ipdb
c:\users\localadm\desktop\hz\seneeno\1\imgui_external\release\16.iobj
c:\users\localadm\desktop\hz\seneeno\1\imgui_external\release\14.ipdb
c:\users\localadm\desktop\hz\seneeno\1\imgui_external\release\14.iobj
c:\users\localadm\desktop\hz\seneeno\1\imgui_external\release\14.exe
c:\users\localadm\desktop\hz\seneeno\1\imgui_external\release\14.pdb
c:\users\localadm\desktop\hz\seneeno\1\imgui_external\imgui_external\release\imgui_external.tlog\cl.command.1.tlog
c:\users\localadm\desktop\hz\seneeno\1\imgui_external\imgui_external\release\imgui_external.tlog\cl.read.1.tlog
c:\users\localadm\desktop\hz\seneeno\1\imgui_external\imgui_external\release\imgui_external.tlog\cl.write.1.tlog
c:\users\localadm\desktop\hz\seneeno\1\imgui_external\imgui_external\release\imgui_external.tlog\imgui_external.write.1u.tlog
c:\users\localadm\desktop\hz\seneeno\1\imgui_external\imgui_external\release\imgui_external.tlog\link.command.1.tlog
c:\users\localadm\desktop\hz\seneeno\1\imgui_external\imgui_external\release\imgui_external.tlog\link.read.1.tlog
c:\users\localadm\desktop\hz\seneeno\1\imgui_external\imgui_external\release\imgui_external.tlog\link.write.1.tlog
