c:\users\localadm\desktop\hz\seneeno\1\imgui_external\imgui_external\release\vc141.pdb
c:\users\localadm\desktop\hz\seneeno\1\imgui_external\imgui_external\release\vector.obj
c:\users\localadm\desktop\hz\seneeno\1\imgui_external\imgui_external\release\skins.obj
c:\users\localadm\desktop\hz\seneeno\1\imgui_external\imgui_external\release\imgui_impl_dx9.obj
c:\users\localadm\desktop\hz\seneeno\1\imgui_external\imgui_external\release\imgui_draw.obj
c:\users\localadm\desktop\hz\seneeno\1\imgui_external\imgui_external\release\imgui.obj
c:\users\localadm\desktop\hz\seneeno\1\imgui_external\imgui_external\release\entry.obj
c:\users\localadm\desktop\hz\seneeno\1\imgui_external\release\2herm2gh1qk.ipdb
c:\users\localadm\desktop\hz\seneeno\1\imgui_external\release\2herm2gh1qk.iobj
c:\users\localadm\desktop\hz\seneeno\1\imgui_external\release\1.ipdb
c:\users\localadm\desktop\hz\seneeno\1\imgui_external\release\1.iobj
c:\users\localadm\desktop\hz\seneeno\1\imgui_external\release\2678.ipdb
c:\users\localadm\desktop\hz\seneeno\1\imgui_external\release\2678.iobj
c:\users\localadm\desktop\hz\seneeno\1\imgui_external\release\test.ipdb
c:\users\localadm\desktop\hz\seneeno\1\imgui_external\release\test.iobj
c:\users\localadm\desktop\hz\seneeno\1\imgui_external\release\test1.ipdb
c:\users\localadm\desktop\hz\seneeno\1\imgui_external\release\test1.iobj
c:\users\localadm\desktop\hz\seneeno\1\imgui_external\release\3.ipdb
c:\users\localadm\desktop\hz\seneeno\1\imgui_external\release\3.iobj
c:\users\localadm\desktop\hz\seneeno\1\imgui_external\release\3.exe
c:\users\localadm\desktop\hz\seneeno\1\imgui_external\release\3.pdb
c:\users\localadm\desktop\hz\seneeno\1\imgui_external\imgui_external\release\imgui_external.tlog\cl.command.1.tlog
c:\users\localadm\desktop\hz\seneeno\1\imgui_external\imgui_external\release\imgui_external.tlog\cl.read.1.tlog
c:\users\localadm\desktop\hz\seneeno\1\imgui_external\imgui_external\release\imgui_external.tlog\cl.write.1.tlog
c:\users\localadm\desktop\hz\seneeno\1\imgui_external\imgui_external\release\imgui_external.tlog\imgui_external.write.1u.tlog
c:\users\localadm\desktop\hz\seneeno\1\imgui_external\imgui_external\release\imgui_external.tlog\link.command.1.tlog
c:\users\localadm\desktop\hz\seneeno\1\imgui_external\imgui_external\release\imgui_external.tlog\link.read.1.tlog
c:\users\localadm\desktop\hz\seneeno\1\imgui_external\imgui_external\release\imgui_external.tlog\link.write.1.tlog
